Using pre-set license
Built from '2020.3/staging' branch; Version is '2020.3.16f1 (049d6eca3c44) revision 302446'; Using compiler version '192528614'; Build Type 'Release'
OS: 'Windows 10 Pro; OS build 19042.1081; Version 2009; 64bit' Language: 'zh' Physical Memory: 32734 MB
BatchMode: 1, IsHumanControllingUs: 0, StartBugReporterOnCrash: 0, Is64bit: 1, IsPro: 0

 COMMAND LINE ARGUMENTS:
D:\Program Files\2020.3.16f1\Editor\Unity.exe
-adb2
-batchMode
-noUpm
-name
AssetImportWorker0
-projectPath
D:/sian/project/Unity/Unily_ParticleSystemDemo_Unily2020_3_16_20211021/Unily_ParticleSystemDemo_Unily2020_3_16_20211021
-logFile
Logs/AssetImportWorker0.log
-srvPort
60634
Successfully changed project path to: D:/sian/project/Unity/Unily_ParticleSystemDemo_Unily2020_3_16_20211021/Unily_ParticleSystemDemo_Unily2020_3_16_20211021
D:/sian/project/Unity/Unily_ParticleSystemDemo_Unily2020_3_16_20211021/Unily_ParticleSystemDemo_Unily2020_3_16_20211021
Using Asset Import Pipeline V2.
Refreshing native plugins compatible for Editor in 71.08 ms, found 2 plugins.
Preloading 0 native plugins for Editor in 0.00 ms.
Initialize engine version: 2020.3.16f1 (049d6eca3c44)
[Subsystems] Discovering subsystems at path D:/Program Files/2020.3.16f1/Editor/Data/Resources/UnitySubsystems
[Subsystems] Discovering subsystems at path D:/sian/project/Unity/Unily_ParticleSystemDemo_Unily2020_3_16_20211021/Unily_ParticleSystemDemo_Unily2020_3_16_20211021/Assets
GfxDevice: creating device client; threaded=0
Direct3D:
    Version:  Direct3D 11.0 [level 11.1]
    Renderer: NVIDIA GeForce GTX 970 (ID=0x13c2)
    Vendor:   
    VRAM:     4043 MB
    Driver:   30.0.14.7196
Initialize mono
Mono path[0] = 'D:/Program Files/2020.3.16f1/Editor/Data/Managed'
Mono path[1] = 'D:/Program Files/2020.3.16f1/Editor/Data/MonoBleedingEdge/lib/mono/unityjit'
Mono config path = 'D:/Program Files/2020.3.16f1/Editor/Data/MonoBleedingEdge/etc'
Using monoOptions --debugger-agent=transport=dt_socket,embedding=1,server=y,suspend=n,address=127.0.0.1:56524
Begin MonoManager ReloadAssembly
Registering precompiled unity dll's ...
Register platform support module: D:/Program Files/2020.3.16f1/Editor/Data/PlaybackEngines/WebGLSupport/UnityEditor.WebGL.Extensions.dll
Register platform support module: D:/Program Files/2020.3.16f1/Editor/Data/PlaybackEngines/WindowsStandaloneSupport/UnityEditor.WindowsStandalone.Extensions.dll
Registered in 0.011954 seconds.
Native extension for WindowsStandalone target not found
Native extension for WebGL target not found
Refreshing native plugins compatible for Editor in 76.59 ms, found 2 plugins.
Preloading 0 native plugins for Editor in 0.00 ms.
Mono: successfully reloaded assembly
- Completed reload, in  4.569 seconds
Domain Reload Profiling:
	ReloadAssembly (4570ms)
		BeginReloadAssembly (124ms)
			ExecutionOrderSort (0ms)
			DisableScriptedObjects (0ms)
			BackupInstance (0ms)
			ReleaseScriptingObjects (0ms)
			CreateAndSetChildDomain (1ms)
		EndReloadAssembly (1585ms)
			LoadAssemblies (117ms)
			RebuildTransferFunctionScriptingTraits (0ms)
			SetupTypeCache (650ms)
			ReleaseScriptCaches (0ms)
			RebuildScriptCaches (74ms)
			SetupLoadedEditorAssemblies (365ms)
				LogAssemblyErrors (0ms)
				InitializePlatformSupportModulesInManaged (12ms)
				SetLoadedEditorAssemblies (1ms)
				RefreshPlugins (77ms)
				BeforeProcessingInitializeOnLoad (42ms)
				ProcessInitializeOnLoadAttributes (171ms)
				ProcessInitializeOnLoadMethodAttributes (63ms)
				AfterProcessingInitializeOnLoad (0ms)
				EditorAssembliesLoaded (0ms)
			ExecutionOrderSort2 (0ms)
			AwakeInstancesAfterBackupRestoration (0ms)
Platform modules already initialized, skipping
Registering precompiled user dll's ...
Registered in 0.016227 seconds.
Begin MonoManager ReloadAssembly
Native extension for WindowsStandalone target not found
Native extension for WebGL target not found
Refreshing native plugins compatible for Editor in 0.54 ms, found 2 plugins.
Preloading 0 native plugins for Editor in 0.00 ms.
Mono: successfully reloaded assembly
- Completed reload, in  2.603 seconds
Domain Reload Profiling:
	ReloadAssembly (2604ms)
		BeginReloadAssembly (365ms)
			ExecutionOrderSort (0ms)
			DisableScriptedObjects (9ms)
			BackupInstance (0ms)
			ReleaseScriptingObjects (0ms)
			CreateAndSetChildDomain (46ms)
		EndReloadAssembly (1996ms)
			LoadAssemblies (262ms)
			RebuildTransferFunctionScriptingTraits (0ms)
			SetupTypeCache (641ms)
			ReleaseScriptCaches (1ms)
			RebuildScriptCaches (90ms)
			SetupLoadedEditorAssemblies (854ms)
				LogAssemblyErrors (0ms)
				InitializePlatformSupportModulesInManaged (12ms)
				SetLoadedEditorAssemblies (1ms)
				RefreshPlugins (1ms)
				BeforeProcessingInitializeOnLoad (260ms)
				ProcessInitializeOnLoadAttributes (553ms)
				ProcessInitializeOnLoadMethodAttributes (6ms)
				AfterProcessingInitializeOnLoad (20ms)
				EditorAssembliesLoaded (0ms)
			ExecutionOrderSort2 (0ms)
			AwakeInstancesAfterBackupRestoration (12ms)
Platform modules already initialized, skipping
========================================================================
Worker process is ready to serve import requests
Launched and connected shader compiler UnityShaderCompiler.exe after 0.08 seconds
Refreshing native plugins compatible for Editor in 0.60 ms, found 2 plugins.
Preloading 0 native plugins for Editor in 0.00 ms.
Unloading 1397 Unused Serialized files (Serialized files now loaded: 0)
System memory in use before: 65.4 MB.
System memory in use after: 65.5 MB.

Unloading 18 unused Assets to reduce memory usage. Loaded Objects now: 1830.
Total: 5.253000 ms (FindLiveObjects: 0.356500 ms CreateObjectMapping: 0.088900 ms MarkObjects: 4.704600 ms  DeleteObjects: 0.101000 ms)

AssetImportParameters requested are different than current active one (requested -> active):
  custom:framework-win-MediaFoundation: 216162199b28c13a410421893ffa2e32 -> 
  custom:video-decoder-ogg-theora: a1e56fd34408186e4bbccfd4996cb3dc -> 
  custom:container-muxer-webm: aa71ff27fc2769a1b78a27578f13a17b -> 
  custom:container-demuxer-webm: 4f35f7cbe854078d1ac9338744f61a02 -> 
  custom:container-demuxer-ogg: 62fdf1f143b41e24485cea50d1cbac27 -> 
  custom:video-encoder-webm-vp8: eb34c28f22e8b96e1ab97ce403110664 -> 
  custom:video-decoder-webm-vp8: 9c59270c3fd7afecdb556c50c9e8de78 -> 
  custom:audio-decoder-ogg-vorbis: bf7c407c2cedff20999df2af8eb42d56 -> 
  custom:audio-encoder-webm-vorbis: bf7c407c2cedff20999df2af8eb42d56 -> 
========================================================================
Received Import Request.
  path: Assets/Project.png
  artifactKey: Guid(9f31c89a978121a478ad62ce48152280) Importer(815301076,1909f56bfc062723c751e8b465ee728b)
Start importing Assets/Project.png using Guid(9f31c89a978121a478ad62ce48152280) Importer(815301076,1909f56bfc062723c751e8b465ee728b)  -> (artifact id: '1c6e5ef4c6297aa1570d6e76955601e8') in 0.112268 seconds 
  Import took 0.115785 seconds .

========================================================================
Received Import Request.
  Time since last request: 55.597875 seconds.
  path: Assets/Scenes
  artifactKey: Guid(9219e2d4ae72eba43b81844ac892c1e5) Importer(815301076,1909f56bfc062723c751e8b465ee728b)
Start importing Assets/Scenes using Guid(9219e2d4ae72eba43b81844ac892c1e5) Importer(815301076,1909f56bfc062723c751e8b465ee728b)  -> (artifact id: '9ba925528782e30fdd424e0903ad4ab8') in 0.005784 seconds 
  Import took 0.009712 seconds .

========================================================================
Received Import Request.
  Time since last request: 0.022154 seconds.
  path: Assets/Scenes
  artifactKey: Guid(9219e2d4ae72eba43b81844ac892c1e5) Importer(815301076,1909f56bfc062723c751e8b465ee728b)
Start importing Assets/Scenes using Guid(9219e2d4ae72eba43b81844ac892c1e5) Importer(815301076,1909f56bfc062723c751e8b465ee728b)  -> (artifact id: '9ba925528782e30fdd424e0903ad4ab8') in 0.009170 seconds 
  Import took 0.013642 seconds .

========================================================================
Received Import Request.
  Time since last request: 4.106505 seconds.
  path: Assets
  artifactKey: Guid(00000000000000001000000000000000) Importer(815301076,1909f56bfc062723c751e8b465ee728b)
Start importing Assets using Guid(00000000000000001000000000000000) Importer(815301076,1909f56bfc062723c751e8b465ee728b)  -> (artifact id: '42d402b061de3733987d63b9cc3b64de') in 0.006761 seconds 
  Import took 0.010326 seconds .

========================================================================
Received Import Request.
  Time since last request: 17.015165 seconds.
  path: Assets/天空.mat
  artifactKey: Guid(bb274de6c7028784399395f95992d2b4) Importer(815301076,1909f56bfc062723c751e8b465ee728b)
Start importing Assets/天空.mat using Guid(bb274de6c7028784399395f95992d2b4) Importer(815301076,1909f56bfc062723c751e8b465ee728b)  -> (artifact id: '67d399020f1d8252ac4c48da18ed03a1') in 0.213023 seconds 
  Import took 0.217659 seconds .

========================================================================
Received Import Request.
  Time since last request: 59.012529 seconds.
  path: Assets/雨滴.mat
  artifactKey: Guid(4c287e484bb7ba74dbd3822570acb955) Importer(815301076,1909f56bfc062723c751e8b465ee728b)
Start importing Assets/雨滴.mat using Guid(4c287e484bb7ba74dbd3822570acb955) Importer(815301076,1909f56bfc062723c751e8b465ee728b)  -> (artifact id: '48fe5d171f237e3926e895204bf8e10f') in 0.022728 seconds 
  Import took 0.026757 seconds .

========================================================================
Received Import Request.
  Time since last request: 1748.425818 seconds.
  path: Assets/天空.mat
  artifactKey: Guid(bb274de6c7028784399395f95992d2b4) Importer(815301076,1909f56bfc062723c751e8b465ee728b)
Start importing Assets/天空.mat using Guid(bb274de6c7028784399395f95992d2b4) Importer(815301076,1909f56bfc062723c751e8b465ee728b)  -> (artifact id: 'd8d651fec8024acc73cd86d07f612077') in 0.023881 seconds 
  Import took 0.028475 seconds .

========================================================================
Received Import Request.
  Time since last request: 0.000272 seconds.
  path: Assets/雨滴.mat
  artifactKey: Guid(4c287e484bb7ba74dbd3822570acb955) Importer(815301076,1909f56bfc062723c751e8b465ee728b)
Start importing Assets/雨滴.mat using Guid(4c287e484bb7ba74dbd3822570acb955) Importer(815301076,1909f56bfc062723c751e8b465ee728b)  -> (artifact id: '178e150577abd63afed3eacc5153f415') in 0.031793 seconds 
  Import took 0.035361 seconds .

========================================================================
Received Import Request.
  Time since last request: 0.003350 seconds.
  path: Assets/雨滴.mat
  artifactKey: Guid(4c287e484bb7ba74dbd3822570acb955) Importer(815301076,1909f56bfc062723c751e8b465ee728b)
Start importing Assets/雨滴.mat using Guid(4c287e484bb7ba74dbd3822570acb955) Importer(815301076,1909f56bfc062723c751e8b465ee728b)  -> (artifact id: '178e150577abd63afed3eacc5153f415') in 0.019003 seconds 
  Import took 0.022779 seconds .

AssetImportWorkerClient::OnTransportError - code=2 error=End of file
